<?xml version="1.0" encoding="UTF-8"?>
<!-- Generated by org.testng.reporters.JUnitReportReporter -->
<testsuite hostname="caonhan-X455LAB" name="googlerestapi.com.rest.GetStatusCodeTest" tests="2" failures="0" timestamp="20 Jun 2017 16:55:42 GMT" time="3.409" errors="0">
  <testcase name="testStatusCodeRestAssured" time="0.578" classname="googlerestapi.com.rest.GetStatusCodeTest"/>
  <testcase name="testStatusCode" time="2.831" classname="googlerestapi.com.rest.GetStatusCodeTest"/>
</testsuite> <!-- googlerestapi.com.rest.GetStatusCodeTest -->
